2024-03-22 14:43:17: INFO - Programa Codefix iniciado com sucesso
2024-03-22 14:53:05: INFO - Programa Codefix iniciado com sucesso
2024-03-22 14:53:05: INFO - Programa Codefix iniciado com sucesso
2024-03-22 14:53:05: WARNING - Repositorio teste_sonarqube_01 ja criado!
2024-03-22 14:53:05: INFO - Baixando as ultimas atualizacoes do repositorio teste_sonarqube_01
2024-03-22 14:53:10: INFO - Repositório teste_sonarqube_01 atualizado com sucesso
2024-03-22 14:53:10: INFO - Arquivo sonar-project.properties ja existe.
2024-03-22 14:53:10: INFO - Resultados do scanner do repositório teste_sonarqube_01
2024-03-22 14:53:10: INFO - Codigo: long_python_rename.py	Linha: 21	Issue: Rename function "readFile" to match the regular expression ^[a-z_][a-z0-9_]*$.
2024-03-22 14:53:10: INFO - Codigo: long_python_rename.py	Linha: 35	Issue: Rename this local variable "largeList" to match the regular expression ^[_a-z][a-z0-9_]*$.
2024-03-22 14:53:10: INFO - Codigo: non_defined_python.py	Linha: 1	Issue: Remove the unused function parameter "b".
2024-03-22 14:53:10: INFO - Codigo: non_used_java.java	Linha: 3	Issue: Replace this use of System.out or System.err by a logger.
2024-03-22 14:53:10: INFO - Codigo: non_used_java.java	Linha: 6	Issue: Remove this useless assignment to local variable "unusedVariable".
2024-03-22 14:53:10: INFO - Codigo: non_used_java.java	Linha: 6	Issue: Remove this unused "unusedVariable" local variable.
2024-03-22 14:53:10: INFO - Codigo: python_nested.py	Linha: 1	Issue: Rename class "bugClass" to match the regular expression ^_?([A-Z_][a-zA-Z0-9]*|[a-z_][a-z0-9_]*)$.
2024-03-22 14:53:10: INFO - Codigo: python_nested.py	Linha: 6	Issue: Add a "self" or class parameter
2024-03-22 14:53:10: INFO - Codigo: python_nested.py	Linha: 10	Issue: Rename function "wrongNameFunction" to match the regular expression ^[a-z_][a-z0-9_]*$.
2024-03-22 14:53:10: INFO - Codigo: python_nested.py	Linha: 11	Issue: Remove the unused local variable "wrong_name".
2024-03-22 14:53:10: INFO - Codigo: python_nested.py	Linha: 15	Issue: Remove the unused local variable "name".
2024-03-22 14:53:10: INFO - Codigo: python_nested.py	Linha: 20	Issue: Merge this if statement with the enclosing one.
2024-03-22 14:53:10: INFO - Codigo: python_rename.py	Linha: 4	Issue: Rename function "addBug" to match the regular expression ^[a-z_][a-z0-9_]*$.
2024-03-22 14:53:10: INFO - Codigo: python_rename.py	Linha: 8	Issue: Rename function "showVulnerability" to match the regular expression ^[a-z_][a-z0-9_]*$.
2024-03-22 14:53:10: INFO - Codigo: security.js	Linha: 3	Issue: Use a secure mode and padding scheme.
2024-03-22 14:53:10: INFO - Codigo: security.js	Linha: 3	Issue: Use a strong cipher algorithm.
2024-03-22 14:53:10: INFO - Codigo dos arquivos extraidos com sucesso
